<?xml version="1.0" encoding="UTF-8"?>
<!-- Generated by org.testng.reporters.JUnitXMLReporter -->
<testsuite ignored="0" hostname="Diksha-PC" failures="2" tests="2" name="Command line test" time="2.416" errors="0" timestamp="2021-03-02T15:47:00 NZDT">
  <testcase classname="io.cucumber.testng.AbstractTestNGCucumberTests" name="runScenario" time="0.62">
    <failure type="java.lang.NullPointerException">
      <![CDATA[java.lang.NullPointerException
at com.tmsandbox.runner.CommonMethods.get(CommonMethods.java:29)
at com.tmsandbox.stepDefinations.StepDefination_QueryUsedCar.goToTMSandboxPage(StepDefination_QueryUsedCar.java:34)
at ✽.I go to "https://www.tmsandbox.co.nz/"(file:///D:/Study%20Folder/Java_Workspace/TradeMeSandboxUIAutomation/src/test/resources/features/Scenario1_QueryUsedCar.feature:6)
]]>
    </failure>
  </testcase> <!-- runScenario -->
  <testcase classname="io.cucumber.testng.AbstractTestNGCucumberTests" name="runScenario" time="0.033">
    <failure type="java.lang.NullPointerException">
      <![CDATA[java.lang.NullPointerException
at com.tmsandbox.runner.CommonMethods.getTitle(CommonMethods.java:37)
at com.tmsandbox.stepDefinations.StepDefination_QueryUsedCar.checkIfOnSearchResultPage(StepDefination_QueryUsedCar.java:58)
at ✽.I am on search result page(file:///D:/Study%20Folder/Java_Workspace/TradeMeSandboxUIAutomation/src/test/resources/features/Scenario1_QueryUsedCar.feature:13)
]]>
    </failure>
  </testcase> <!-- runScenario -->
</testsuite> <!-- Command line test -->
