<?xml version="1.0" encoding="UTF-8"?>
<!-- Generated by org.testng.reporters.JUnitXMLReporter -->
<testsuite ignored="0" hostname="Diksha-PC" failures="1" tests="2" name="selenium-bdd-framework" time="19.585" errors="0" timestamp="2021-03-03T12:50:05 NZDT">
  <testcase classname="io.cucumber.testng.AbstractTestNGCucumberTests" name="runScenario" time="11.514">
    <failure type="java.lang.AssertionError" message="expected [true] but found [false]">
      <![CDATA[java.lang.AssertionError: expected [true] but found [false]
at com.tmsandbox.stepDefinations.StepDefination_QueryUsedCar.verifySearchedItemPresent(StepDefination_QueryUsedCar.java:52)
at ✽.I verify that "1998 BMW 328i E46" item is present(file:///D:/Study%20Folder/Java_Workspace/TradeMeSandboxUIAutomation/src/test/resources/features/Scenario1_QueryUsedCar.feature:9)
... Removed 4 stack frames]]>
    </failure>
  </testcase> <!-- runScenario -->
  <testcase classname="io.cucumber.testng.AbstractTestNGCucumberTests" name="runScenario" time="7.241"/>
</testsuite> <!-- selenium-bdd-framework -->
