<?xml version="1.0" encoding="UTF-8"?>
<!-- Generated by org.testng.reporters.JUnitXMLReporter -->
<testsuite ignored="0" hostname="DESKTOP-DQ8QITO" failures="0" tests="2" name="selenium-bdd-framework" time="15.188" errors="0" timestamp="2020-11-27T02:06:03 NZDT">
  <testcase classname="io.cucumber.testng.AbstractTestNGCucumberTests" name="runScenario" time="7.878"/>
  <testcase classname="io.cucumber.testng.AbstractTestNGCucumberTests" name="runScenario" time="6.792"/>
</testsuite> <!-- selenium-bdd-framework -->
