<?xml version="1.0" encoding="UTF-8"?>
<testng-results ignored="0" total="1" passed="1" failed="0" skipped="0">
  <reporter-output>
  </reporter-output>
  <suite started-at="2021-03-03T12:54:57 NZDT" name="Test-Suite" finished-at="2021-03-03T12:55:17 NZDT" duration-ms="20605">
    <groups>
      <group name="cucumber">
        <method signature="AbstractTestNGCucumberTests.runScenario(io.cucumber.testng.PickleWrapper, io.cucumber.testng.FeatureWrapper)[pri:0, instance:com.tmsandbox.runner.TestRunner@53976f5c]" name="runScenario" class="io.cucumber.testng.AbstractTestNGCucumberTests"/>
      </group> <!-- cucumber -->
    </groups>
    <test started-at="2021-03-03T12:54:57 NZDT" name="selenium-bdd-framework" finished-at="2021-03-03T12:55:17 NZDT" duration-ms="20605">
      <class name="com.tmsandbox.runner.CreateSession">
        <test-method is-config="true" signature="initDriver()[pri:0, instance:com.tmsandbox.runner.CreateSession@4e7912d8]" started-at="2021-03-03T12:54:53 NZDT" name="initDriver" finished-at="2021-03-03T12:54:57 NZDT" duration-ms="3961" status="PASS">
          <reporter-output>
          </reporter-output>
        </test-method> <!-- initDriver -->
        <test-method is-config="true" signature="tearDown()[pri:0, instance:com.tmsandbox.runner.CreateSession@4e7912d8]" started-at="2021-03-03T12:55:17 NZDT" name="tearDown" finished-at="2021-03-03T12:55:23 NZDT" duration-ms="5623" status="PASS">
          <reporter-output>
          </reporter-output>
        </test-method> <!-- tearDown -->
      </class> <!-- com.tmsandbox.runner.CreateSession -->
      <class name="com.tmsandbox.runner.TestRunner">
        <test-method is-config="true" signature="setUpClass()[pri:0, instance:com.tmsandbox.runner.TestRunner@53976f5c]" started-at="2021-03-03T12:54:57 NZDT" name="setUpClass" finished-at="2021-03-03T12:54:57 NZDT" duration-ms="496" status="PASS">
          <reporter-output>
          </reporter-output>
        </test-method> <!-- setUpClass -->
        <test-method signature="runScenario(io.cucumber.testng.PickleWrapper, io.cucumber.testng.FeatureWrapper)[pri:0, instance:com.tmsandbox.runner.TestRunner@53976f5c]" started-at="2021-03-03T12:54:57 NZDT" name="runScenario" description="Runs Cucumber Scenarios" data-provider="scenarios" finished-at="2021-03-03T12:55:17 NZDT" duration-ms="19871" status="PASS">
          <params>
            <param index="0">
              <value>
                <![CDATA["Query for used car"]]>
              </value>
            </param>
            <param index="1">
              <value>
                <![CDATA["Optional[Query exiting used car]"]]>
              </value>
            </param>
          </params>
          <reporter-output>
          </reporter-output>
        </test-method> <!-- runScenario -->
        <test-method is-config="true" signature="tearDownClass()[pri:0, instance:com.tmsandbox.runner.TestRunner@53976f5c]" started-at="2021-03-03T12:55:17 NZDT" name="tearDownClass" finished-at="2021-03-03T12:55:17 NZDT" duration-ms="181" status="PASS">
          <reporter-output>
          </reporter-output>
        </test-method> <!-- tearDownClass -->
      </class> <!-- com.tmsandbox.runner.TestRunner -->
    </test> <!-- selenium-bdd-framework -->
  </suite> <!-- Test-Suite -->
</testng-results>
