<?xml version="1.0" encoding="UTF-8"?>
<testng-results ignored="0" total="2" passed="0" failed="2" skipped="0">
  <reporter-output>
  </reporter-output>
  <suite started-at="2021-03-02T15:46:58 NZDT" name="com.tmsandbox.runner.TestRunner" finished-at="2021-03-02T15:47:00 NZDT" duration-ms="2416">
    <groups>
      <group name="cucumber">
        <method signature="AbstractTestNGCucumberTests.runScenario(io.cucumber.testng.PickleWrapper, io.cucumber.testng.FeatureWrapper)[pri:0, instance:com.tmsandbox.runner.TestRunner@4ec4f3a0]" name="runScenario" class="io.cucumber.testng.AbstractTestNGCucumberTests"/>
      </group> <!-- cucumber -->
    </groups>
    <test started-at="2021-03-02T15:46:58 NZDT" name="Command line test" finished-at="2021-03-02T15:47:00 NZDT" duration-ms="2416">
      <class name="com.tmsandbox.runner.TestRunner">
        <test-method is-config="true" signature="setUpClass()[pri:0, instance:com.tmsandbox.runner.TestRunner@4ec4f3a0]" started-at="2021-03-02T15:46:58 NZDT" name="setUpClass" finished-at="2021-03-02T15:46:59 NZDT" duration-ms="1385" status="PASS">
          <reporter-output>
          </reporter-output>
        </test-method> <!-- setUpClass -->
        <test-method signature="runScenario(io.cucumber.testng.PickleWrapper, io.cucumber.testng.FeatureWrapper)[pri:0, instance:com.tmsandbox.runner.TestRunner@4ec4f3a0]" started-at="2021-03-02T15:46:59 NZDT" name="runScenario" description="Runs Cucumber Scenarios" data-provider="scenarios" finished-at="2021-03-02T15:47:00 NZDT" duration-ms="620" status="FAIL">
          <params>
            <param index="0">
              <value>
                <![CDATA["Query for used car"]]>
              </value>
            </param>
            <param index="1">
              <value>
                <![CDATA["Optional[Query exiting used car]"]]>
              </value>
            </param>
          </params>
          <exception class="java.lang.NullPointerException">
            <full-stacktrace>
              <![CDATA[java.lang.NullPointerException
at com.tmsandbox.runner.CommonMethods.get(CommonMethods.java:29)
at com.tmsandbox.stepDefinations.StepDefination_QueryUsedCar.goToTMSandboxPage(StepDefination_QueryUsedCar.java:34)
at ✽.I go to "https://www.tmsandbox.co.nz/"(file:///D:/Study%20Folder/Java_Workspace/TradeMeSandboxUIAutomation/src/test/resources/features/Scenario1_QueryUsedCar.feature:6)
]]>
            </full-stacktrace>
          </exception> <!-- java.lang.NullPointerException -->
          <reporter-output>
          </reporter-output>
        </test-method> <!-- runScenario -->
        <test-method signature="runScenario(io.cucumber.testng.PickleWrapper, io.cucumber.testng.FeatureWrapper)[pri:0, instance:com.tmsandbox.runner.TestRunner@4ec4f3a0]" started-at="2021-03-02T15:47:00 NZDT" name="runScenario" description="Runs Cucumber Scenarios" data-provider="scenarios" finished-at="2021-03-02T15:47:00 NZDT" duration-ms="33" status="FAIL">
          <params>
            <param index="0">
              <value>
                <![CDATA["Details of used car"]]>
              </value>
            </param>
            <param index="1">
              <value>
                <![CDATA["Optional[Query exiting used car]"]]>
              </value>
            </param>
          </params>
          <exception class="java.lang.NullPointerException">
            <full-stacktrace>
              <![CDATA[java.lang.NullPointerException
at com.tmsandbox.runner.CommonMethods.getTitle(CommonMethods.java:37)
at com.tmsandbox.stepDefinations.StepDefination_QueryUsedCar.checkIfOnSearchResultPage(StepDefination_QueryUsedCar.java:58)
at ✽.I am on search result page(file:///D:/Study%20Folder/Java_Workspace/TradeMeSandboxUIAutomation/src/test/resources/features/Scenario1_QueryUsedCar.feature:13)
]]>
            </full-stacktrace>
          </exception> <!-- java.lang.NullPointerException -->
          <reporter-output>
          </reporter-output>
        </test-method> <!-- runScenario -->
        <test-method is-config="true" signature="tearDownClass()[pri:0, instance:com.tmsandbox.runner.TestRunner@4ec4f3a0]" started-at="2021-03-02T15:47:00 NZDT" name="tearDownClass" finished-at="2021-03-02T15:47:00 NZDT" duration-ms="313" status="PASS">
          <reporter-output>
          </reporter-output>
        </test-method> <!-- tearDownClass -->
      </class> <!-- com.tmsandbox.runner.TestRunner -->
    </test> <!-- Command line test -->
  </suite> <!-- com.tmsandbox.runner.TestRunner -->
</testng-results>
