<?xml version="1.0" encoding="UTF-8" ?>
<testsuite tests="2" failures="2" name="com.tmsandbox.runner.TestRunner" time="0.656" errors="0" skipped="0">
  <properties>
[...]
</properties>
  <testcase classname="com.tmsandbox.runner.TestRunner" name="runScenario" time="0.63">
    <failure type="java.lang.NullPointerException">java.lang.NullPointerException
	at com.tmsandbox.runner.CommonMethods.get(CommonMethods.java:29)
	at com.tmsandbox.stepDefinations.StepDefination_QueryUsedCar.goToTMSandboxPage(StepDefination_QueryUsedCar.java:34)
	at ✽.I go to &quot;https://www.tmsandbox.co.nz/&quot;(file:///D:/Study%20Folder/Java_Workspace/TradeMeSandboxUIAutomation/src/test/resources/features/Scenario1_QueryUsedCar.feature:6)
</failure>
    <system-out>Configuring TestNG with: org.apache.maven.surefire.testng.conf.TestNG652Configurator@ea1a8d5

Scenario: Query for used car                             # src/test/resources/features/Scenario1_QueryUsedCar.feature:4
WebDriver: null
  Given I go to &quot;https://www.tmsandbox.co.nz/&quot;           # com.tmsandbox.stepDefinations.StepDefination_QueryUsedCar.goToTMSandboxPage(java.lang.String)
      java.lang.NullPointerException
	at com.tmsandbox.runner.CommonMethods.get(CommonMethods.java:29)
	at com.tmsandbox.stepDefinations.StepDefination_QueryUsedCar.goToTMSandboxPage(StepDefination_QueryUsedCar.java:34)
	at âœ½.I go to &quot;https://www.tmsandbox.co.nz/&quot;(file:///D:/Study%20Folder/Java_Workspace/TradeMeSandboxUIAutomation/src/test/resources/features/Scenario1_QueryUsedCar.feature:6)

  When I query for &quot;1998 BMW 328i E46&quot; in searchbox      # com.tmsandbox.stepDefinations.StepDefination_QueryUsedCar.queryForItem(java.lang.String)
  And I click on search button                           # com.tmsandbox.stepDefinations.StepDefination_QueryUsedCar.clickSearchButton()
  Then I verify that &quot;1998 BMW 328i E46&quot; item is present # com.tmsandbox.stepDefinations.StepDefination_QueryUsedCar.verifySearchedItemPresent(java.lang.String)
</system-out>
  </testcase>
  <testcase classname="com.tmsandbox.runner.TestRunner" name="runScenario" time="0.026">
    <failure type="java.lang.NullPointerException">java.lang.NullPointerException
	at com.tmsandbox.runner.CommonMethods.getTitle(CommonMethods.java:37)
	at com.tmsandbox.stepDefinations.StepDefination_QueryUsedCar.checkIfOnSearchResultPage(StepDefination_QueryUsedCar.java:58)
	at ✽.I am on search result page(file:///D:/Study%20Folder/Java_Workspace/TradeMeSandboxUIAutomation/src/test/resources/features/Scenario1_QueryUsedCar.feature:13)
</failure>
    <system-out>
Scenario: Details of used car              # src/test/resources/features/Scenario1_QueryUsedCar.feature:11
WebDriver: null
  Given I am on search result page         # com.tmsandbox.stepDefinations.StepDefination_QueryUsedCar.checkIfOnSearchResultPage()
      java.lang.NullPointerException
	at com.tmsandbox.runner.CommonMethods.getTitle(CommonMethods.java:37)
	at com.tmsandbox.stepDefinations.StepDefination_QueryUsedCar.checkIfOnSearchResultPage(StepDefination_QueryUsedCar.java:58)
	at âœ½.I am on search result page(file:///D:/Study%20Folder/Java_Workspace/TradeMeSandboxUIAutomation/src/test/resources/features/Scenario1_QueryUsedCar.feature:13)

  When I click on &quot;1998 BMW 328i E46&quot; item # com.tmsandbox.stepDefinations.StepDefination_QueryUsedCar.clickOnListItem(java.lang.String)
  Then I verify Number plate               # com.tmsandbox.stepDefinations.StepDefination_QueryUsedCar.verifyNumberPlate()
  And I verify Kilometres                  # com.tmsandbox.stepDefinations.StepDefination_QueryUsedCar.verifyIfKilometresPresent()
  And I verify Body                        # com.tmsandbox.stepDefinations.StepDefination_QueryUsedCar.verifyIfBodyPresent()
  And I verify Seats                       # com.tmsandbox.stepDefinations.StepDefination_QueryUsedCar.verifyIfSeatsPresent()
</system-out>
  </testcase>
</testsuite>