<?xml version="1.0" encoding="UTF-8"?>
<testng-results ignored="0" total="2" passed="2" failed="0" skipped="0">
  <reporter-output>
  </reporter-output>
  <suite started-at="2020-11-27T02:05:48 NZDT" name="Test-Suite" finished-at="2020-11-27T02:06:03 NZDT" duration-ms="15188">
    <groups>
      <group name="cucumber">
        <method signature="AbstractTestNGCucumberTests.runScenario(io.cucumber.testng.PickleWrapper, io.cucumber.testng.FeatureWrapper)[pri:0, instance:com.tmsandbox.runner.TestRunner@5c30a9b0]" name="runScenario" class="io.cucumber.testng.AbstractTestNGCucumberTests"/>
      </group> <!-- cucumber -->
    </groups>
    <test started-at="2020-11-27T02:05:48 NZDT" name="selenium-bdd-framework" finished-at="2020-11-27T02:06:03 NZDT" duration-ms="15188">
      <class name="com.tmsandbox.runner.CreateSession">
        <test-method is-config="true" signature="initDriver()[pri:0, instance:com.tmsandbox.runner.CreateSession@635eaaf1]" started-at="2020-11-27T02:05:41 NZDT" name="initDriver" finished-at="2020-11-27T02:05:48 NZDT" duration-ms="7220" status="PASS">
          <reporter-output>
          </reporter-output>
        </test-method> <!-- initDriver -->
        <test-method is-config="true" signature="tearDown()[pri:0, instance:com.tmsandbox.runner.CreateSession@635eaaf1]" started-at="2020-11-27T02:06:03 NZDT" name="tearDown" finished-at="2020-11-27T02:06:09 NZDT" duration-ms="5735" status="PASS">
          <reporter-output>
          </reporter-output>
        </test-method> <!-- tearDown -->
      </class> <!-- com.tmsandbox.runner.CreateSession -->
      <class name="com.tmsandbox.runner.TestRunner">
        <test-method is-config="true" signature="setUpClass()[pri:0, instance:com.tmsandbox.runner.TestRunner@5c30a9b0]" started-at="2020-11-27T02:05:48 NZDT" name="setUpClass" finished-at="2020-11-27T02:05:48 NZDT" duration-ms="413" status="PASS">
          <reporter-output>
          </reporter-output>
        </test-method> <!-- setUpClass -->
        <test-method signature="runScenario(io.cucumber.testng.PickleWrapper, io.cucumber.testng.FeatureWrapper)[pri:0, instance:com.tmsandbox.runner.TestRunner@5c30a9b0]" started-at="2020-11-27T02:05:48 NZDT" name="runScenario" description="Runs Cucumber Scenarios" data-provider="scenarios" finished-at="2020-11-27T02:05:56 NZDT" duration-ms="7878" status="PASS">
          <params>
            <param index="0">
              <value>
                <![CDATA["Query for used car"]]>
              </value>
            </param>
            <param index="1">
              <value>
                <![CDATA["Optional[Query exiting used car]"]]>
              </value>
            </param>
          </params>
          <reporter-output>
          </reporter-output>
        </test-method> <!-- runScenario -->
        <test-method signature="runScenario(io.cucumber.testng.PickleWrapper, io.cucumber.testng.FeatureWrapper)[pri:0, instance:com.tmsandbox.runner.TestRunner@5c30a9b0]" started-at="2020-11-27T02:05:56 NZDT" name="runScenario" description="Runs Cucumber Scenarios" data-provider="scenarios" finished-at="2020-11-27T02:06:03 NZDT" duration-ms="6792" status="PASS">
          <params>
            <param index="0">
              <value>
                <![CDATA["Details of used car"]]>
              </value>
            </param>
            <param index="1">
              <value>
                <![CDATA["Optional[Query exiting used car]"]]>
              </value>
            </param>
          </params>
          <reporter-output>
          </reporter-output>
        </test-method> <!-- runScenario -->
        <test-method is-config="true" signature="tearDownClass()[pri:0, instance:com.tmsandbox.runner.TestRunner@5c30a9b0]" started-at="2020-11-27T02:06:03 NZDT" name="tearDownClass" finished-at="2020-11-27T02:06:03 NZDT" duration-ms="77" status="PASS">
          <reporter-output>
          </reporter-output>
        </test-method> <!-- tearDownClass -->
      </class> <!-- com.tmsandbox.runner.TestRunner -->
    </test> <!-- selenium-bdd-framework -->
  </suite> <!-- Test-Suite -->
</testng-results>
